<?xml version="1.0" encoding="UTF-8"?>
<!-- Generated by org.testng.reporters.JUnitReportReporter -->
<testsuite hostname="DESKTOP-4ICJ57T" failures="0" tests="3" name="test.ZigTest" time="16.418" errors="0" timestamp="13 Aug 2020 05:01:01 GMT">
  <testcase classname="test.ZigTest" name="third" time="0.065"/>
  <testcase classname="test.ZigTest" name="second" time="7.537"/>
  <testcase classname="test.ZigTest" name="f" time="8.816"/>
</testsuite> <!-- test.ZigTest -->
