<?xml version="1.0" encoding="UTF-8"?>
<!-- Generated by org.testng.reporters.JUnitReportReporter -->
<testsuite hostname="DESKTOP-4ICJ57T" name="run.ZigTest" tests="3" failures="0" timestamp="29 Aug 2020 19:43:40 GMT" time="20.303" errors="0">
  <testcase name="f" time="8.805" classname="run.ZigTest"/>
  <testcase name="third" time="3.027" classname="run.ZigTest"/>
  <testcase name="second" time="8.471" classname="run.ZigTest"/>
</testsuite> <!-- run.ZigTest -->
