<?xml version="1.0" encoding="UTF-8"?>
<!-- Generated by org.testng.reporters.JUnitReportReporter -->
<testsuite hostname="DESKTOP-4ICJ57T" failures="0" tests="3" name="run.ZigTest" time="45.426" errors="0" timestamp="27 Aug 2020 13:49:38 GMT">
  <testcase classname="run.ZigTest" name="f" time="6.160"/>
  <testcase classname="run.ZigTest" name="third" time="2.871"/>
  <testcase classname="run.ZigTest" name="second" time="36.395"/>
</testsuite> <!-- run.ZigTest -->
