<?xml version="1.0" encoding="UTF-8"?>
<!-- Generated by org.testng.reporters.JUnitReportReporter -->
<testsuite hostname="DESKTOP-4ICJ57T" name="run.ZigTest" tests="3" failures="0" timestamp="29 Aug 2020 19:24:29 GMT" time="17.737" errors="0">
  <testcase name="f" time="8.606" classname="run.ZigTest"/>
  <testcase name="second" time="5.841" classname="run.ZigTest"/>
  <testcase name="third" time="3.290" classname="run.ZigTest"/>
</testsuite> <!-- run.ZigTest -->
