<?xml version="1.0" encoding="UTF-8"?>
<!-- Generated by org.testng.reporters.JUnitReportReporter -->
<testsuite hostname="DESKTOP-4ICJ57T" failures="0" tests="3" name="run.ZigTest" time="21.671" errors="0" timestamp="26 Aug 2020 18:21:12 GMT">
  <testcase classname="run.ZigTest" name="second" time="6.576"/>
  <testcase classname="run.ZigTest" name="f" time="12.490"/>
  <testcase classname="run.ZigTest" name="third" time="2.605"/>
</testsuite> <!-- run.ZigTest -->
